+ HOME=/Users/arthur/question-generation-nus-ids/models/SG-Deep-Question-Generation
+ DATAHOME=/Users/arthur/question-generation-nus-ids/models/SG-Deep-Question-Generation/datasets
+ EXEHOME=/Users/arthur/question-generation-nus-ids/models/SG-Deep-Question-Generation/src
+ MODELHOME=/Users/arthur/question-generation-nus-ids/models/SG-Deep-Question-Generation/models
+ LOGHOME=/Users/arthur/question-generation-nus-ids/models/SG-Deep-Question-Generation/logs
+ mkdir -p /Users/arthur/question-generation-nus-ids/models/SG-Deep-Question-Generation/models
+ mkdir -p /Users/arthur/question-generation-nus-ids/models/SG-Deep-Question-Generation/logs
+ cd /Users/arthur/question-generation-nus-ids/models/SG-Deep-Question-Generation/src
+ python train.py -sequence_data /Users/arthur/question-generation-nus-ids/models/SG-Deep-Question-Generation/datasets/preprocessed-data/preprocessed_sequence_data.pt -graph_data /Users/arthur/question-generation-nus-ids/models/SG-Deep-Question-Generation/datasets/preprocessed-data/preprocessed_graph_data.pt -train_dataset /Users/arthur/question-generation-nus-ids/models/SG-Deep-Question-Generation/datasets/Datasets/train_dataset.pt -valid_dataset /Users/arthur/question-generation-nus-ids/models/SG-Deep-Question-Generation/datasets/Datasets/valid_dataset.pt -epoch 100 -batch_size 32 -eval_batch_size 16 -pre_trained_vocab -training_mode classify -max_token_src_len 200 -max_token_tgt_len 50 -sparse 0 -copy -coverage -coverage_weight 0.4 -node_feature -d_word_vec 300 -d_seq_enc_model 512 -d_graph_enc_model 256 -n_graph_enc_layer 3 -d_k 64 -brnn -enc_rnn gru -d_dec_model 512 -n_dec_layer 1 -dec_rnn gru -maxout_pool_size 2 -n_warmup_steps 10000 -dropout 0.5 -attn_dropout 0.1 -gpus 0 -save_mode best -save_model /Users/arthur/question-generation-nus-ids/models/SG-Deep-Question-Generation/models/classifier -log_home /Users/arthur/question-generation-nus-ids/models/SG-Deep-Question-Generation/logs -logfile_train /Users/arthur/question-generation-nus-ids/models/SG-Deep-Question-Generation/logs/train_classifier -logfile_dev /Users/arthur/question-generation-nus-ids/models/SG-Deep-Question-Generation/logs/valid_classifier -translate_ppl 15 -curriculum 0 -extra_shuffle -optim adam -learning_rate 0.00025 -learning_rate_decay 0.75 -valid_steps 500 -decay_steps 500 -start_decay_steps 5000 -decay_bad_cnt 5 -max_grad_norm 5 -max_weight_value 20
2020-05-23 18:47:22,806 [INFO:__main__]: My PID is 19946
2020-05-23 18:47:22,806 [INFO:__main__]: PyTorch version: 1.4.0
2020-05-23 18:47:22,806 [INFO:__main__]: Namespace(accum_count=[1], alpha=0.1, answer=False, attn_dropout=0.1, batch_size=32, beam_size=5, brnn=True, checkpoint='', copy=True, coverage=True, coverage_weight=0.4, cuda_seed=-1, curriculum=0, d_dec_model=512, d_feat_vec=32, d_graph_enc_model=256, d_inner=2048, d_k=64, d_seq_enc_model=512, d_v=64, d_word_vec=300, dec_feature=0, dec_rnn='gru', decay_bad_cnt=5, decay_method='', decay_steps=500, defined_slf_attn_mask='', dropout=0.5, enc_rnn='gru', epoch=100, eval_batch_size=16, extra_shuffle=True, feature=False, gpus=[0], graph_data='/Users/arthur/question-generation-nus-ids/models/SG-Deep-Question-Generation/datasets/preprocessed-data/preprocessed_graph_data.pt', input_feed=1, layer_attn=False, learning_rate=0.00025, learning_rate_decay=0.75, log_home='/Users/arthur/question-generation-nus-ids/models/SG-Deep-Question-Generation/logs', log_interval=100, logfile_dev='/Users/arthur/question-generation-nus-ids/models/SG-Deep-Question-Generation/logs/valid_classifier', logfile_train='/Users/arthur/question-generation-nus-ids/models/SG-Deep-Question-Generation/logs/train_classifier', max_grad_norm=5.0, max_token_src_len=200, max_token_tgt_len=50, max_weight_value=20.0, maxout_pool_size=2, n_best=1, n_dec_layer=1, n_graph_enc_layer=3, n_head=8, n_seq_enc_layer=1, n_warmup_steps=10000, node_feature=True, optim='adam', pre_trained_vocab=True, pretrained='', proj_share_weight=False, save_mode='best', save_model='/Users/arthur/question-generation-nus-ids/models/SG-Deep-Question-Generation/models/classifier', seed=-1, sequence_data='/Users/arthur/question-generation-nus-ids/models/SG-Deep-Question-Generation/datasets/preprocessed-data/preprocessed_sequence_data.pt', slf_attn=False, sparse=0, start_decay_steps=5000, train_dataset='/Users/arthur/question-generation-nus-ids/models/SG-Deep-Question-Generation/datasets/Datasets/train_dataset.pt', training_mode='classify', translate_ppl=15.0, translate_steps=2500, valid_dataset='/Users/arthur/question-generation-nus-ids/models/SG-Deep-Question-Generation/datasets/Datasets/valid_dataset.pt', valid_steps=500)
Traceback (most recent call last):
  File "train.py", line 143, in <module>
    main(opt, logger)
  File "train.py", line 36, in main
    cuda.set_device(opt.gpus[0])
  File "/Users/arthur/opt/anaconda3/lib/python3.7/site-packages/torch/cuda/__init__.py", line 292, in set_device
    torch._C._cuda_setDevice(device)
AttributeError: module 'torch._C' has no attribute '_cuda_setDevice'
